e:\code\pre_leetcode\pre_leetcode\debug\vc120.pdb
e:\code\pre_leetcode\pre_leetcode\debug\vc120.idb
e:\code\pre_leetcode\pre_leetcode\debug\maxarea.obj
e:\code\pre_leetcode\pre_leetcode\debug\lengthoflongestsubstring.obj
e:\code\pre_leetcode\pre_leetcode\debug\townum_multiply.obj
e:\code\pre_leetcode\pre_leetcode\debug\twonumsum.obj
e:\code\pre_leetcode\pre_leetcode\debug\inttoroman.obj
e:\code\pre_leetcode\pre_leetcode\debug\solvenqueens.obj
e:\code\pre_leetcode\debug\pre_leetcode.ilk
e:\code\pre_leetcode\debug\pre_leetcode.exe
e:\code\pre_leetcode\debug\pre_leetcode.pdb
e:\code\pre_leetcode\pre_leetcode\debug\pre_leetcode.tlog\cl.command.1.tlog
e:\code\pre_leetcode\pre_leetcode\debug\pre_leetcode.tlog\cl.read.1.tlog
e:\code\pre_leetcode\pre_leetcode\debug\pre_leetcode.tlog\cl.write.1.tlog
e:\code\pre_leetcode\pre_leetcode\debug\pre_leetcode.tlog\link.13516-cvtres.read.1.tlog
e:\code\pre_leetcode\pre_leetcode\debug\pre_leetcode.tlog\link.13516-cvtres.write.1.tlog
e:\code\pre_leetcode\pre_leetcode\debug\pre_leetcode.tlog\link.13516-rc.read.1.tlog
e:\code\pre_leetcode\pre_leetcode\debug\pre_leetcode.tlog\link.13516-rc.write.1.tlog
e:\code\pre_leetcode\pre_leetcode\debug\pre_leetcode.tlog\link.13516.read.1.tlog
e:\code\pre_leetcode\pre_leetcode\debug\pre_leetcode.tlog\link.13516.write.1.tlog
e:\code\pre_leetcode\pre_leetcode\debug\pre_leetcode.tlog\link.command.1.tlog
e:\code\pre_leetcode\pre_leetcode\debug\pre_leetcode.tlog\link.read.1.tlog
e:\code\pre_leetcode\pre_leetcode\debug\pre_leetcode.tlog\link.write.1.tlog
